<?xml version="1.0" encoding="UTF-8"?>
<!-- Generated by org.testng.reporters.JUnitXMLReporter -->
<testsuite ignored="0" hostname="DESKTOP-VDV6J04" failures="0" tests="3" name="Test" time="0.36" errors="0" timestamp="2023-11-08T09:30:14 PST">
  <testcase classname="genericlibraries.BaseClass" name="@BeforeClass classConfig" time="0.038">
    <failure type="java.lang.NullPointerException" message="Cannot invoke &amp;quot;String.hashCode()&amp;quot; because &amp;quot;browser&amp;quot; is null">
      <![CDATA[java.lang.NullPointerException: Cannot invoke "String.hashCode()" because "browser" is null
at genericlibraries.WebDriverUtility.launchBrowser(WebDriverUtility.java:40)
at genericlibraries.BaseClass.classConfig(BaseClass.java:50)
at java.base/java.util.ArrayList.forEach(ArrayList.java:1511)
... Removed 25 stack frames]]>
    </failure>
  </testcase> <!-- @BeforeClass classConfig -->
  <testcase classname="genericlibraries.BaseClass" name="@BeforeMethod methodConfig" time="0.0">
    <skipped/>
  </testcase> <!-- @BeforeMethod methodConfig -->
  <testcase classname="genericlibraries.BaseClass" name="@AfterMethod methodTeardown" time="0.0">
    <skipped/>
  </testcase> <!-- @AfterMethod methodTeardown -->
  <testcase classname="genericlibraries.BaseClass" name="@AfterClass classTeardown" time="0.0">
    <skipped/>
  </testcase> <!-- @AfterClass classTeardown -->
  <testcase classname="genericlibraries.BaseClass" name="@BeforeClass classConfig" time="0.0">
    <failure type="java.lang.NullPointerException" message="Cannot invoke &amp;quot;String.hashCode()&amp;quot; because &amp;quot;browser&amp;quot; is null">
      <![CDATA[java.lang.NullPointerException: Cannot invoke "String.hashCode()" because "browser" is null
at genericlibraries.WebDriverUtility.launchBrowser(WebDriverUtility.java:40)
at genericlibraries.BaseClass.classConfig(BaseClass.java:50)
at java.base/java.util.ArrayList.forEach(ArrayList.java:1511)
... Removed 25 stack frames]]>
    </failure>
  </testcase> <!-- @BeforeClass classConfig -->
  <testcase classname="genericlibraries.BaseClass" name="@BeforeMethod methodConfig" time="0.0">
    <skipped/>
  </testcase> <!-- @BeforeMethod methodConfig -->
  <testcase classname="genericlibraries.BaseClass" name="@AfterMethod methodTeardown" time="0.0">
    <skipped/>
  </testcase> <!-- @AfterMethod methodTeardown -->
  <testcase classname="genericlibraries.BaseClass" name="@AfterClass classTeardown" time="0.0">
    <skipped/>
  </testcase> <!-- @AfterClass classTeardown -->
  <testcase classname="genericlibraries.BaseClass" name="@BeforeClass classConfig" time="0.001">
    <failure type="java.lang.NullPointerException" message="Cannot invoke &amp;quot;String.hashCode()&amp;quot; because &amp;quot;browser&amp;quot; is null">
      <![CDATA[java.lang.NullPointerException: Cannot invoke "String.hashCode()" because "browser" is null
at genericlibraries.WebDriverUtility.launchBrowser(WebDriverUtility.java:40)
at genericlibraries.BaseClass.classConfig(BaseClass.java:50)
at java.base/java.util.ArrayList.forEach(ArrayList.java:1511)
... Removed 25 stack frames]]>
    </failure>
  </testcase> <!-- @BeforeClass classConfig -->
  <testcase classname="genericlibraries.BaseClass" name="@BeforeMethod methodConfig" time="0.0">
    <skipped/>
  </testcase> <!-- @BeforeMethod methodConfig -->
  <testcase classname="genericlibraries.BaseClass" name="@AfterMethod methodTeardown" time="0.0">
    <skipped/>
  </testcase> <!-- @AfterMethod methodTeardown -->
  <testcase classname="genericlibraries.BaseClass" name="@AfterClass classTeardown" time="0.0">
    <skipped/>
  </testcase> <!-- @AfterClass classTeardown -->
  <testcase classname="testscripts.CreateUserTest" name="createUserTest" time="0.0">
    <skipped/>
  </testcase> <!-- createUserTest -->
  <testcase classname="testscripts.CreateCategoryTest" name="createCategoryTest" time="0.0">
    <skipped/>
  </testcase> <!-- createCategoryTest -->
  <testcase classname="testscripts.CreateCourseTest" name="createCourseTest" time="0.0">
    <skipped/>
  </testcase> <!-- createCourseTest -->
</testsuite> <!-- Test -->
